<?xml version="1.0" encoding="UTF-8"?>
<coverage generated="1705350703937" clover="3.2.0">
  <project timestamp="1705350703937" name="All files">
    <metrics statements="8" coveredstatements="8" conditionals="0" coveredconditionals="0" methods="0" coveredmethods="0" elements="8" coveredelements="8" complexity="0" loc="8" ncloc="8" packages="1" files="4" classes="4"/>
    <file name="authHelper.ts" path="/Users/avetik/Desktop/Shop/backend/online_shop/test/helpers/authHelper.ts">
      <metrics statements="2" coveredstatements="2" conditionals="0" coveredconditionals="0" methods="0" coveredmethods="0"/>
      <line num="3" count="1" type="stmt"/>
      <line num="7" count="1" type="stmt"/>
    </file>
    <file name="categoryHelper.ts" path="/Users/avetik/Desktop/Shop/backend/online_shop/test/helpers/categoryHelper.ts">
      <metrics statements="2" coveredstatements="2" conditionals="0" coveredconditionals="0" methods="0" coveredmethods="0"/>
      <line num="3" count="1" type="stmt"/>
      <line num="7" count="1" type="stmt"/>
    </file>
    <file name="fileHelper.ts" path="/Users/avetik/Desktop/Shop/backend/online_shop/test/helpers/fileHelper.ts">
      <metrics statements="2" coveredstatements="2" conditionals="0" coveredconditionals="0" methods="0" coveredmethods="0"/>
      <line num="3" count="1" type="stmt"/>
      <line num="7" count="1" type="stmt"/>
    </file>
    <file name="userHelper.ts" path="/Users/avetik/Desktop/Shop/backend/online_shop/test/helpers/userHelper.ts">
      <metrics statements="2" coveredstatements="2" conditionals="0" coveredconditionals="0" methods="0" coveredmethods="0"/>
      <line num="3" count="1" type="stmt"/>
      <line num="7" count="1" type="stmt"/>
    </file>
  </project>
</coverage>
