{"/Users/avetik/Desktop/Shop/backend/online_shop/test/helpers/authHelper.ts": {"path":"/Users/avetik/Desktop/Shop/backend/online_shop/test/helpers/authHelper.ts","statementMap":{"0":{"start":{"line":3,"column":13},"end":{"line":6,"column":2}},"1":{"start":{"line":7,"column":13},"end":{"line":15,"column":2}}},"fnMap":{},"branchMap":{},"s":{"0":1,"1":1},"f":{},"b":{}}
,"/Users/avetik/Desktop/Shop/backend/online_shop/test/helpers/categoryHelper.ts": {"path":"/Users/avetik/Desktop/Shop/backend/online_shop/test/helpers/categoryHelper.ts","statementMap":{"0":{"start":{"line":3,"column":13},"end":{"line":6,"column":2}},"1":{"start":{"line":7,"column":13},"end":{"line":15,"column":2}}},"fnMap":{},"branchMap":{},"s":{"0":1,"1":1},"f":{},"b":{}}
,"/Users/avetik/Desktop/Shop/backend/online_shop/test/helpers/fileHelper.ts": {"path":"/Users/avetik/Desktop/Shop/backend/online_shop/test/helpers/fileHelper.ts","statementMap":{"0":{"start":{"line":3,"column":13},"end":{"line":6,"column":2}},"1":{"start":{"line":7,"column":13},"end":{"line":15,"column":2}}},"fnMap":{},"branchMap":{},"s":{"0":1,"1":1},"f":{},"b":{}}
,"/Users/avetik/Desktop/Shop/backend/online_shop/test/helpers/userHelper.ts": {"path":"/Users/avetik/Desktop/Shop/backend/online_shop/test/helpers/userHelper.ts","statementMap":{"0":{"start":{"line":3,"column":13},"end":{"line":6,"column":2}},"1":{"start":{"line":7,"column":13},"end":{"line":15,"column":2}}},"fnMap":{},"branchMap":{},"s":{"0":1,"1":1},"f":{},"b":{}}
}
